<?xml version="1.0" encoding="UTF-8"?>
<testsuite name="javaChallenges.ArrayShiftTest" tests="1" skipped="0" failures="0" errors="0" timestamp="2020-09-15T23:59:39" hostname="DESKTOP-PPO4997" time="0.004">
  <properties/>
  <testcase name="testSomeLibraryMethod" classname="javaChallenges.ArrayShiftTest" time="0.004"/>
  <system-out><![CDATA[]]></system-out>
  <system-err><![CDATA[]]></system-err>
</testsuite>
